-------------------------------------------------------------------------------
Test set: fi.tuni.prog3.junitorder.OrderTest
-------------------------------------------------------------------------------
Tests run: 23, Failures: 16, Errors: 0, Skipped: 0, Time elapsed: 0.053 sec <<< FAILURE!
fi.tuni.prog3.junitorder.OrderTest.testGetItemName()  Time elapsed: 0.01 sec  <<< FAILURE!
org.opentest4j.AssertionFailedError: expected: <iPhone 34b> but was: <null>
	at org.junit.jupiter.api.AssertionUtils.fail(AssertionUtils.java:55)
	at org.junit.jupiter.api.AssertionUtils.failNotEqual(AssertionUtils.java:62)
	at org.junit.jupiter.api.AssertEquals.assertEquals(AssertEquals.java:182)
	at org.junit.jupiter.api.AssertEquals.assertEquals(AssertEquals.java:177)
	at org.junit.jupiter.api.Assertions.assertEquals(Assertions.java:1141)
	at fi.tuni.prog3.junitorder.OrderTest.testGetItemName(OrderTest.java:95)

fi.tuni.prog3.junitorder.OrderTest.testGetUnitPrice()  Time elapsed: 0 sec  <<< FAILURE!
org.opentest4j.AssertionFailedError: expected: <6969.69> but was: <1.0>
	at org.junit.jupiter.api.AssertionUtils.fail(AssertionUtils.java:55)
	at org.junit.jupiter.api.AssertionUtils.failNotEqual(AssertionUtils.java:62)
	at org.junit.jupiter.api.AssertEquals.assertEquals(AssertEquals.java:70)
	at org.junit.jupiter.api.AssertEquals.assertEquals(AssertEquals.java:65)
	at org.junit.jupiter.api.Assertions.assertEquals(Assertions.java:885)
	at fi.tuni.prog3.junitorder.OrderTest.testGetUnitPrice(OrderTest.java:102)

fi.tuni.prog3.junitorder.OrderTest.testGetItem()  Time elapsed: 0.001 sec  <<< FAILURE!
org.opentest4j.AssertionFailedError: expected: <Item(iPhone 34b, 6969.69)> but was: <null>
	at org.junit.jupiter.api.AssertionUtils.fail(AssertionUtils.java:55)
	at org.junit.jupiter.api.AssertionUtils.failNotEqual(AssertionUtils.java:62)
	at org.junit.jupiter.api.AssertEquals.assertEquals(AssertEquals.java:182)
	at org.junit.jupiter.api.AssertEquals.assertEquals(AssertEquals.java:177)
	at org.junit.jupiter.api.Assertions.assertEquals(Assertions.java:1141)
	at fi.tuni.prog3.junitorder.OrderTest.testGetItem(OrderTest.java:108)

fi.tuni.prog3.junitorder.OrderTest.testGetCount()  Time elapsed: 0.001 sec  <<< FAILURE!
org.opentest4j.AssertionFailedError: expected: <23> but was: <1>
	at org.junit.jupiter.api.AssertionUtils.fail(AssertionUtils.java:55)
	at org.junit.jupiter.api.AssertionUtils.failNotEqual(AssertionUtils.java:62)
	at org.junit.jupiter.api.AssertEquals.assertEquals(AssertEquals.java:150)
	at org.junit.jupiter.api.AssertEquals.assertEquals(AssertEquals.java:145)
	at org.junit.jupiter.api.Assertions.assertEquals(Assertions.java:527)
	at fi.tuni.prog3.junitorder.OrderTest.testGetCount(OrderTest.java:115)

fi.tuni.prog3.junitorder.OrderTest.testEntryToString()  Time elapsed: 0.007 sec  <<< FAILURE!
org.opentest4j.AssertionFailedError: expected: <23 units of Item(iPhone 34b, 6969.69)> but was: <null>
	at org.junit.jupiter.api.AssertionUtils.fail(AssertionUtils.java:55)
	at org.junit.jupiter.api.AssertionUtils.failNotEqual(AssertionUtils.java:62)
	at org.junit.jupiter.api.AssertEquals.assertEquals(AssertEquals.java:182)
	at org.junit.jupiter.api.AssertEquals.assertEquals(AssertEquals.java:177)
	at org.junit.jupiter.api.Assertions.assertEquals(Assertions.java:1141)
	at fi.tuni.prog3.junitorder.OrderTest.testEntryToString(OrderTest.java:126)

fi.tuni.prog3.junitorder.OrderTest.testOrderAddItemsDuplicate()  Time elapsed: 0.002 sec  <<< FAILURE!
java.lang.NullPointerException: Cannot invoke "fi.tuni.prog3.junitorder.Order.addItems(fi.tuni.prog3.junitorder.Order$Item, int)" because "this.orderObj" is null
	at fi.tuni.prog3.junitorder.OrderTest.testOrderAddItemsDuplicate(OrderTest.java:150)

fi.tuni.prog3.junitorder.OrderTest.testOrderAddItems()  Time elapsed: 0 sec  <<< FAILURE!
java.lang.NullPointerException: Cannot invoke "fi.tuni.prog3.junitorder.Order.addItems(fi.tuni.prog3.junitorder.Order$Item, int)" because "this.orderObj" is null
	at fi.tuni.prog3.junitorder.OrderTest.testOrderAddItems(OrderTest.java:163)

fi.tuni.prog3.junitorder.OrderTest.testOrderAddItemsNoItem()  Time elapsed: 0.003 sec  <<< FAILURE!
org.opentest4j.AssertionFailedError: Unexpected exception type thrown ==> expected: <java.util.NoSuchElementException> but was: <java.lang.NullPointerException>
	at org.junit.jupiter.api.AssertThrows.assertThrows(AssertThrows.java:65)
	at org.junit.jupiter.api.AssertThrows.assertThrows(AssertThrows.java:37)
	at org.junit.jupiter.api.Assertions.assertThrows(Assertions.java:3082)
	at fi.tuni.prog3.junitorder.OrderTest.testOrderAddItemsNoItem(OrderTest.java:185)
Caused by: java.lang.NullPointerException: Cannot invoke "fi.tuni.prog3.junitorder.Order.addItems(String, int)" because "this.orderObj" is null
	at fi.tuni.prog3.junitorder.OrderTest.lambda$testOrderAddItemsNoItem$6(OrderTest.java:187)
	at org.junit.jupiter.api.AssertThrows.assertThrows(AssertThrows.java:55)
	... 21 more

fi.tuni.prog3.junitorder.OrderTest.testOrderAddItemsString()  Time elapsed: 0 sec  <<< FAILURE!
java.lang.NullPointerException: Cannot invoke "fi.tuni.prog3.junitorder.Order.addItems(fi.tuni.prog3.junitorder.Order$Item, int)" because "this.orderObj" is null
	at fi.tuni.prog3.junitorder.OrderTest.testOrderAddItemsString(OrderTest.java:194)

fi.tuni.prog3.junitorder.OrderTest.testOrderGetEntryCount()  Time elapsed: 0.001 sec  <<< FAILURE!
java.lang.NullPointerException: Cannot invoke "fi.tuni.prog3.junitorder.Order.addItems(fi.tuni.prog3.junitorder.Order$Item, int)" because "this.orderObj" is null
	at fi.tuni.prog3.junitorder.OrderTest.testOrderGetEntryCount(OrderTest.java:268)

fi.tuni.prog3.junitorder.OrderTest.testOrderGetItemCount()  Time elapsed: 0.001 sec  <<< FAILURE!
java.lang.NullPointerException: Cannot invoke "fi.tuni.prog3.junitorder.Order.addItems(fi.tuni.prog3.junitorder.Order$Item, int)" because "this.orderObj" is null
	at fi.tuni.prog3.junitorder.OrderTest.testOrderGetItemCount(OrderTest.java:294)

fi.tuni.prog3.junitorder.OrderTest.testOrderGetTotalPrice()  Time elapsed: 0.001 sec  <<< FAILURE!
java.lang.NullPointerException: Cannot invoke "fi.tuni.prog3.junitorder.Order.addItems(fi.tuni.prog3.junitorder.Order$Item, int)" because "this.orderObj" is null
	at fi.tuni.prog3.junitorder.OrderTest.testOrderGetTotalPrice(OrderTest.java:320)

fi.tuni.prog3.junitorder.OrderTest.testOrderIsEmpty()  Time elapsed: 0.001 sec  <<< FAILURE!
java.lang.NullPointerException: Cannot invoke "fi.tuni.prog3.junitorder.Order.isEmpty()" because "this.orderObj" is null
	at fi.tuni.prog3.junitorder.OrderTest.testOrderIsEmpty(OrderTest.java:331)

fi.tuni.prog3.junitorder.OrderTest.testEntryConstructorException()  Time elapsed: 0.001 sec  <<< FAILURE!
org.opentest4j.AssertionFailedError: Expected java.lang.IllegalArgumentException to be thrown, but nothing was thrown.
	at org.junit.jupiter.api.AssertThrows.assertThrows(AssertThrows.java:71)
	at org.junit.jupiter.api.AssertThrows.assertThrows(AssertThrows.java:37)
	at org.junit.jupiter.api.Assertions.assertThrows(Assertions.java:3082)
	at fi.tuni.prog3.junitorder.OrderTest.testEntryConstructorException(OrderTest.java:85)

fi.tuni.prog3.junitorder.OrderTest.testOrderAddItemsNegativeCount()  Time elapsed: 0.001 sec  <<< FAILURE!
org.opentest4j.AssertionFailedError: Unexpected exception type thrown ==> expected: <java.lang.IllegalArgumentException> but was: <java.lang.NullPointerException>
	at org.junit.jupiter.api.AssertThrows.assertThrows(AssertThrows.java:65)
	at org.junit.jupiter.api.AssertThrows.assertThrows(AssertThrows.java:37)
	at org.junit.jupiter.api.Assertions.assertThrows(Assertions.java:3082)
	at fi.tuni.prog3.junitorder.OrderTest.testOrderAddItemsNegativeCount(OrderTest.java:142)
Caused by: java.lang.NullPointerException: Cannot invoke "fi.tuni.prog3.junitorder.Order.addItems(fi.tuni.prog3.junitorder.Order$Item, int)" because "this.orderObj" is null
	at fi.tuni.prog3.junitorder.OrderTest.lambda$testOrderAddItemsNegativeCount$3(OrderTest.java:143)
	at org.junit.jupiter.api.AssertThrows.assertThrows(AssertThrows.java:55)
	... 21 more

fi.tuni.prog3.junitorder.OrderTest.testOrderAddItemsStringNegativeCount()  Time elapsed: 0 sec  <<< FAILURE!
java.lang.NullPointerException: Cannot invoke "fi.tuni.prog3.junitorder.Order.addItems(fi.tuni.prog3.junitorder.Order$Item, int)" because "this.orderObj" is null
	at fi.tuni.prog3.junitorder.OrderTest.testOrderAddItemsStringNegativeCount(OrderTest.java:175)

