<?xml version="1.0" encoding="UTF-8" ?>
<testsuite tests="23" failures="16" name="fi.tuni.prog3.junitorder.OrderTest" time="0.052" errors="0" skipped="0">
  <properties>
[...]
</properties>
  <testcase classname="fi.tuni.prog3.junitorder.OrderTest" name="fi.tuni.prog3.junitorder.OrderTest.testItemConstructionName" time="0.006"/>
  <testcase classname="fi.tuni.prog3.junitorder.OrderTest" name="fi.tuni.prog3.junitorder.OrderTest.testItemConstructorPrice" time="0"/>
  <testcase classname="fi.tuni.prog3.junitorder.OrderTest" name="fi.tuni.prog3.junitorder.OrderTest.testGetName" time="0.001"/>
  <testcase classname="fi.tuni.prog3.junitorder.OrderTest" name="fi.tuni.prog3.junitorder.OrderTest.testGetPrice" time="0"/>
  <testcase classname="fi.tuni.prog3.junitorder.OrderTest" name="fi.tuni.prog3.junitorder.OrderTest.testItemToString" time="0.014"/>
  <testcase classname="fi.tuni.prog3.junitorder.OrderTest" name="fi.tuni.prog3.junitorder.OrderTest.testItemEquals" time="0.001"/>
  <testcase classname="fi.tuni.prog3.junitorder.OrderTest" name="fi.tuni.prog3.junitorder.OrderTest.testItemNotEquals" time="0"/>
  <testcase classname="fi.tuni.prog3.junitorder.OrderTest" name="fi.tuni.prog3.junitorder.OrderTest.testGetItemName" time="0.01">
    <failure message="expected: &lt;iPhone 34b&gt; but was: &lt;null&gt;" type="org.opentest4j.AssertionFailedError">org.opentest4j.AssertionFailedError: expected: &lt;iPhone 34b&gt; but was: &lt;null&gt;
	at org.junit.jupiter.api.AssertionUtils.fail(AssertionUtils.java:55)
	at org.junit.jupiter.api.AssertionUtils.failNotEqual(AssertionUtils.java:62)
	at org.junit.jupiter.api.AssertEquals.assertEquals(AssertEquals.java:182)
	at org.junit.jupiter.api.AssertEquals.assertEquals(AssertEquals.java:177)
	at org.junit.jupiter.api.Assertions.assertEquals(Assertions.java:1141)
	at fi.tuni.prog3.junitorder.OrderTest.testGetItemName(OrderTest.java:95)
</failure>
  </testcase>
  <testcase classname="fi.tuni.prog3.junitorder.OrderTest" name="fi.tuni.prog3.junitorder.OrderTest.testGetUnitPrice" time="0">
    <failure message="expected: &lt;6969.69&gt; but was: &lt;1.0&gt;" type="org.opentest4j.AssertionFailedError">org.opentest4j.AssertionFailedError: expected: &lt;6969.69&gt; but was: &lt;1.0&gt;
	at org.junit.jupiter.api.AssertionUtils.fail(AssertionUtils.java:55)
	at org.junit.jupiter.api.AssertionUtils.failNotEqual(AssertionUtils.java:62)
	at org.junit.jupiter.api.AssertEquals.assertEquals(AssertEquals.java:70)
	at org.junit.jupiter.api.AssertEquals.assertEquals(AssertEquals.java:65)
	at org.junit.jupiter.api.Assertions.assertEquals(Assertions.java:885)
	at fi.tuni.prog3.junitorder.OrderTest.testGetUnitPrice(OrderTest.java:102)
</failure>
  </testcase>
  <testcase classname="fi.tuni.prog3.junitorder.OrderTest" name="fi.tuni.prog3.junitorder.OrderTest.testGetItem" time="0.001">
    <failure message="expected: &lt;Item(iPhone 34b, 6969.69)&gt; but was: &lt;null&gt;" type="org.opentest4j.AssertionFailedError">org.opentest4j.AssertionFailedError: expected: &lt;Item(iPhone 34b, 6969.69)&gt; but was: &lt;null&gt;
	at org.junit.jupiter.api.AssertionUtils.fail(AssertionUtils.java:55)
	at org.junit.jupiter.api.AssertionUtils.failNotEqual(AssertionUtils.java:62)
	at org.junit.jupiter.api.AssertEquals.assertEquals(AssertEquals.java:182)
	at org.junit.jupiter.api.AssertEquals.assertEquals(AssertEquals.java:177)
	at org.junit.jupiter.api.Assertions.assertEquals(Assertions.java:1141)
	at fi.tuni.prog3.junitorder.OrderTest.testGetItem(OrderTest.java:108)
</failure>
  </testcase>
  <testcase classname="fi.tuni.prog3.junitorder.OrderTest" name="fi.tuni.prog3.junitorder.OrderTest.testGetCount" time="0.001">
    <failure message="expected: &lt;23&gt; but was: &lt;1&gt;" type="org.opentest4j.AssertionFailedError">org.opentest4j.AssertionFailedError: expected: &lt;23&gt; but was: &lt;1&gt;
	at org.junit.jupiter.api.AssertionUtils.fail(AssertionUtils.java:55)
	at org.junit.jupiter.api.AssertionUtils.failNotEqual(AssertionUtils.java:62)
	at org.junit.jupiter.api.AssertEquals.assertEquals(AssertEquals.java:150)
	at org.junit.jupiter.api.AssertEquals.assertEquals(AssertEquals.java:145)
	at org.junit.jupiter.api.Assertions.assertEquals(Assertions.java:527)
	at fi.tuni.prog3.junitorder.OrderTest.testGetCount(OrderTest.java:115)
</failure>
  </testcase>
  <testcase classname="fi.tuni.prog3.junitorder.OrderTest" name="fi.tuni.prog3.junitorder.OrderTest.testEntryToString" time="0.007">
    <failure message="expected: &lt;23 units of Item(iPhone 34b, 6969.69)&gt; but was: &lt;null&gt;" type="org.opentest4j.AssertionFailedError">org.opentest4j.AssertionFailedError: expected: &lt;23 units of Item(iPhone 34b, 6969.69)&gt; but was: &lt;null&gt;
	at org.junit.jupiter.api.AssertionUtils.fail(AssertionUtils.java:55)
	at org.junit.jupiter.api.AssertionUtils.failNotEqual(AssertionUtils.java:62)
	at org.junit.jupiter.api.AssertEquals.assertEquals(AssertEquals.java:182)
	at org.junit.jupiter.api.AssertEquals.assertEquals(AssertEquals.java:177)
	at org.junit.jupiter.api.Assertions.assertEquals(Assertions.java:1141)
	at fi.tuni.prog3.junitorder.OrderTest.testEntryToString(OrderTest.java:126)
</failure>
  </testcase>
  <testcase classname="fi.tuni.prog3.junitorder.OrderTest" name="fi.tuni.prog3.junitorder.OrderTest.testOrderAddItemsDuplicate" time="0.002">
    <failure message="Cannot invoke &quot;fi.tuni.prog3.junitorder.Order.addItems(fi.tuni.prog3.junitorder.Order$Item, int)&quot; because &quot;this.orderObj&quot; is null" type="java.lang.NullPointerException">java.lang.NullPointerException: Cannot invoke &quot;fi.tuni.prog3.junitorder.Order.addItems(fi.tuni.prog3.junitorder.Order$Item, int)&quot; because &quot;this.orderObj&quot; is null
	at fi.tuni.prog3.junitorder.OrderTest.testOrderAddItemsDuplicate(OrderTest.java:150)
</failure>
  </testcase>
  <testcase classname="fi.tuni.prog3.junitorder.OrderTest" name="fi.tuni.prog3.junitorder.OrderTest.testOrderAddItems" time="0">
    <failure message="Cannot invoke &quot;fi.tuni.prog3.junitorder.Order.addItems(fi.tuni.prog3.junitorder.Order$Item, int)&quot; because &quot;this.orderObj&quot; is null" type="java.lang.NullPointerException">java.lang.NullPointerException: Cannot invoke &quot;fi.tuni.prog3.junitorder.Order.addItems(fi.tuni.prog3.junitorder.Order$Item, int)&quot; because &quot;this.orderObj&quot; is null
	at fi.tuni.prog3.junitorder.OrderTest.testOrderAddItems(OrderTest.java:163)
</failure>
  </testcase>
  <testcase classname="fi.tuni.prog3.junitorder.OrderTest" name="fi.tuni.prog3.junitorder.OrderTest.testOrderAddItemsNoItem" time="0.003">
    <failure message="Unexpected exception type thrown ==&gt; expected: &lt;java.util.NoSuchElementException&gt; but was: &lt;java.lang.NullPointerException&gt;" type="org.opentest4j.AssertionFailedError">org.opentest4j.AssertionFailedError: Unexpected exception type thrown ==&gt; expected: &lt;java.util.NoSuchElementException&gt; but was: &lt;java.lang.NullPointerException&gt;
	at org.junit.jupiter.api.AssertThrows.assertThrows(AssertThrows.java:65)
	at org.junit.jupiter.api.AssertThrows.assertThrows(AssertThrows.java:37)
	at org.junit.jupiter.api.Assertions.assertThrows(Assertions.java:3082)
	at fi.tuni.prog3.junitorder.OrderTest.testOrderAddItemsNoItem(OrderTest.java:185)
Caused by: java.lang.NullPointerException: Cannot invoke &quot;fi.tuni.prog3.junitorder.Order.addItems(String, int)&quot; because &quot;this.orderObj&quot; is null
	at fi.tuni.prog3.junitorder.OrderTest.lambda$testOrderAddItemsNoItem$6(OrderTest.java:187)
	at org.junit.jupiter.api.AssertThrows.assertThrows(AssertThrows.java:55)
	... 21 more
</failure>
  </testcase>
  <testcase classname="fi.tuni.prog3.junitorder.OrderTest" name="fi.tuni.prog3.junitorder.OrderTest.testOrderAddItemsString" time="0">
    <failure message="Cannot invoke &quot;fi.tuni.prog3.junitorder.Order.addItems(fi.tuni.prog3.junitorder.Order$Item, int)&quot; because &quot;this.orderObj&quot; is null" type="java.lang.NullPointerException">java.lang.NullPointerException: Cannot invoke &quot;fi.tuni.prog3.junitorder.Order.addItems(fi.tuni.prog3.junitorder.Order$Item, int)&quot; because &quot;this.orderObj&quot; is null
	at fi.tuni.prog3.junitorder.OrderTest.testOrderAddItemsString(OrderTest.java:194)
</failure>
  </testcase>
  <testcase classname="fi.tuni.prog3.junitorder.OrderTest" name="fi.tuni.prog3.junitorder.OrderTest.testOrderGetEntryCount" time="0.001">
    <failure message="Cannot invoke &quot;fi.tuni.prog3.junitorder.Order.addItems(fi.tuni.prog3.junitorder.Order$Item, int)&quot; because &quot;this.orderObj&quot; is null" type="java.lang.NullPointerException">java.lang.NullPointerException: Cannot invoke &quot;fi.tuni.prog3.junitorder.Order.addItems(fi.tuni.prog3.junitorder.Order$Item, int)&quot; because &quot;this.orderObj&quot; is null
	at fi.tuni.prog3.junitorder.OrderTest.testOrderGetEntryCount(OrderTest.java:268)
</failure>
  </testcase>
  <testcase classname="fi.tuni.prog3.junitorder.OrderTest" name="fi.tuni.prog3.junitorder.OrderTest.testOrderGetItemCount" time="0.001">
    <failure message="Cannot invoke &quot;fi.tuni.prog3.junitorder.Order.addItems(fi.tuni.prog3.junitorder.Order$Item, int)&quot; because &quot;this.orderObj&quot; is null" type="java.lang.NullPointerException">java.lang.NullPointerException: Cannot invoke &quot;fi.tuni.prog3.junitorder.Order.addItems(fi.tuni.prog3.junitorder.Order$Item, int)&quot; because &quot;this.orderObj&quot; is null
	at fi.tuni.prog3.junitorder.OrderTest.testOrderGetItemCount(OrderTest.java:294)
</failure>
  </testcase>
  <testcase classname="fi.tuni.prog3.junitorder.OrderTest" name="fi.tuni.prog3.junitorder.OrderTest.testOrderGetTotalPrice" time="0.001">
    <failure message="Cannot invoke &quot;fi.tuni.prog3.junitorder.Order.addItems(fi.tuni.prog3.junitorder.Order$Item, int)&quot; because &quot;this.orderObj&quot; is null" type="java.lang.NullPointerException">java.lang.NullPointerException: Cannot invoke &quot;fi.tuni.prog3.junitorder.Order.addItems(fi.tuni.prog3.junitorder.Order$Item, int)&quot; because &quot;this.orderObj&quot; is null
	at fi.tuni.prog3.junitorder.OrderTest.testOrderGetTotalPrice(OrderTest.java:320)
</failure>
  </testcase>
  <testcase classname="fi.tuni.prog3.junitorder.OrderTest" name="fi.tuni.prog3.junitorder.OrderTest.testOrderIsEmpty" time="0.001">
    <failure message="Cannot invoke &quot;fi.tuni.prog3.junitorder.Order.isEmpty()&quot; because &quot;this.orderObj&quot; is null" type="java.lang.NullPointerException">java.lang.NullPointerException: Cannot invoke &quot;fi.tuni.prog3.junitorder.Order.isEmpty()&quot; because &quot;this.orderObj&quot; is null
	at fi.tuni.prog3.junitorder.OrderTest.testOrderIsEmpty(OrderTest.java:331)
</failure>
  </testcase>
  <testcase classname="fi.tuni.prog3.junitorder.OrderTest" name="fi.tuni.prog3.junitorder.OrderTest.testEntryConstructorException" time="0.001">
    <failure message="Expected java.lang.IllegalArgumentException to be thrown, but nothing was thrown." type="org.opentest4j.AssertionFailedError">org.opentest4j.AssertionFailedError: Expected java.lang.IllegalArgumentException to be thrown, but nothing was thrown.
	at org.junit.jupiter.api.AssertThrows.assertThrows(AssertThrows.java:71)
	at org.junit.jupiter.api.AssertThrows.assertThrows(AssertThrows.java:37)
	at org.junit.jupiter.api.Assertions.assertThrows(Assertions.java:3082)
	at fi.tuni.prog3.junitorder.OrderTest.testEntryConstructorException(OrderTest.java:85)
</failure>
  </testcase>
  <testcase classname="fi.tuni.prog3.junitorder.OrderTest" name="fi.tuni.prog3.junitorder.OrderTest.testOrderAddItemsNegativeCount" time="0.001">
    <failure message="Unexpected exception type thrown ==&gt; expected: &lt;java.lang.IllegalArgumentException&gt; but was: &lt;java.lang.NullPointerException&gt;" type="org.opentest4j.AssertionFailedError">org.opentest4j.AssertionFailedError: Unexpected exception type thrown ==&gt; expected: &lt;java.lang.IllegalArgumentException&gt; but was: &lt;java.lang.NullPointerException&gt;
	at org.junit.jupiter.api.AssertThrows.assertThrows(AssertThrows.java:65)
	at org.junit.jupiter.api.AssertThrows.assertThrows(AssertThrows.java:37)
	at org.junit.jupiter.api.Assertions.assertThrows(Assertions.java:3082)
	at fi.tuni.prog3.junitorder.OrderTest.testOrderAddItemsNegativeCount(OrderTest.java:142)
Caused by: java.lang.NullPointerException: Cannot invoke &quot;fi.tuni.prog3.junitorder.Order.addItems(fi.tuni.prog3.junitorder.Order$Item, int)&quot; because &quot;this.orderObj&quot; is null
	at fi.tuni.prog3.junitorder.OrderTest.lambda$testOrderAddItemsNegativeCount$3(OrderTest.java:143)
	at org.junit.jupiter.api.AssertThrows.assertThrows(AssertThrows.java:55)
	... 21 more
</failure>
  </testcase>
  <testcase classname="fi.tuni.prog3.junitorder.OrderTest" name="fi.tuni.prog3.junitorder.OrderTest.testOrderAddItemsStringNegativeCount" time="0">
    <failure message="Cannot invoke &quot;fi.tuni.prog3.junitorder.Order.addItems(fi.tuni.prog3.junitorder.Order$Item, int)&quot; because &quot;this.orderObj&quot; is null" type="java.lang.NullPointerException">java.lang.NullPointerException: Cannot invoke &quot;fi.tuni.prog3.junitorder.Order.addItems(fi.tuni.prog3.junitorder.Order$Item, int)&quot; because &quot;this.orderObj&quot; is null
	at fi.tuni.prog3.junitorder.OrderTest.testOrderAddItemsStringNegativeCount(OrderTest.java:175)
</failure>
  </testcase>
</testsuite>