<?xml version="1.0" encoding="UTF-8" ?>
<testsuite tests="23" failures="16" name="fi.tuni.prog3.junitorder.OrderTest" time="0.052" errors="0" skipped="0">
  <properties>
    <property name="idea.version" value="2021.3.2"/>
    <property name="java.runtime.name" value="Java(TM) SE Runtime Environment"/>
    <property name="java.vm.version" value="17.0.1+12-LTS-39"/>
    <property name="sun.boot.library.path" value="/Library/Java/JavaVirtualMachines/jdk-17.0.1.jdk/Contents/Home/lib"/>
    <property name="maven.multiModuleProjectDirectory" value="/Users/sophietotterstrom/Prog3/knsoto/Round11/junitorder"/>
    <property name="java.vm.vendor" value="Oracle Corporation"/>
    <property name="java.vendor.url" value="https://java.oracle.com/"/>
    <property name="guice.disable.misplaced.annotation.check" value="true"/>
    <property name="path.separator" value=":"/>
    <property name="java.vm.name" value="Java HotSpot(TM) 64-Bit Server VM"/>
    <property name="user.country" value="FI"/>
    <property name="sun.java.launcher" value="SUN_STANDARD"/>
    <property name="java.vm.specification.name" value="Java Virtual Machine Specification"/>
    <property name="user.dir" value="/Users/sophietotterstrom/Prog3/knsoto/Round11/junitorder"/>
    <property name="java.vm.compressedOopsMode" value="Zero based"/>
    <property name="java.runtime.version" value="17.0.1+12-LTS-39"/>
    <property name="os.arch" value="x86_64"/>
    <property name="java.io.tmpdir" value="/var/folders/r7/v0v3cf152cn7slh4df0j6qkw0000gn/T/"/>
    <property name="line.separator" value="
"/>
    <property name="java.vm.specification.vendor" value="Oracle Corporation"/>
    <property name="os.name" value="Mac OS X"/>
    <property name="maven.ext.class.path" value="/Applications/IntelliJ IDEA CE.app/Contents/plugins/maven/lib/maven-event-listener.jar"/>
    <property name="classworlds.conf" value="/Applications/IntelliJ IDEA CE.app/Contents/plugins/maven/lib/maven3/bin/m2.conf"/>
    <property name="sun.jnu.encoding" value="UTF-8"/>
    <property name="java.library.path" value="/Users/sophietotterstrom/Library/Java/Extensions:/Library/Java/Extensions:/Network/Library/Java/Extensions:/System/Library/Java/Extensions:/usr/lib/java:."/>
    <property name="maven.conf" value="/Applications/IntelliJ IDEA CE.app/Contents/plugins/maven/lib/maven3/conf"/>
    <property name="jdk.debug" value="release"/>
    <property name="java.class.version" value="61.0"/>
    <property name="java.specification.name" value="Java Platform API Specification"/>
    <property name="sun.management.compiler" value="HotSpot 64-Bit Tiered Compilers"/>
    <property name="os.version" value="12.3"/>
    <property name="http.nonProxyHosts" value="local|*.local|169.254/16|*.169.254/16"/>
    <property name="user.home" value="/Users/sophietotterstrom"/>
    <property name="user.timezone" value="Europe/Helsinki"/>
    <property name="file.encoding" value="UTF-8"/>
    <property name="java.specification.version" value="17"/>
    <property name="user.name" value="sophietotterstrom"/>
    <property name="java.class.path" value="/Applications/IntelliJ IDEA CE.app/Contents/plugins/maven/lib/maven3/boot/plexus-classworlds.license:/Applications/IntelliJ IDEA CE.app/Contents/plugins/maven/lib/maven3/boot/plexus-classworlds-2.6.0.jar"/>
    <property name="java.vm.specification.version" value="17"/>
    <property name="sun.arch.data.model" value="64"/>
    <property name="sun.java.command" value="org.codehaus.classworlds.Launcher -Didea.version=2021.3.2 package"/>
    <property name="java.home" value="/Library/Java/JavaVirtualMachines/jdk-17.0.1.jdk/Contents/Home"/>
    <property name="user.language" value="en"/>
    <property name="java.specification.vendor" value="Oracle Corporation"/>
    <property name="java.vm.info" value="mixed mode, sharing"/>
    <property name="java.version" value="17.0.1"/>
    <property name="native.encoding" value="US-ASCII"/>
    <property name="java.vendor" value="Oracle Corporation"/>
    <property name="maven.home" value="/Applications/IntelliJ IDEA CE.app/Contents/plugins/maven/lib/maven3"/>
    <property name="file.separator" value="/"/>
    <property name="java.version.date" value="2021-10-19"/>
    <property name="java.vendor.url.bug" value="https://bugreport.java.com/bugreport/"/>
    <property name="sun.io.unicode.encoding" value="UnicodeBig"/>
    <property name="sun.cpu.endian" value="little"/>
    <property name="socksNonProxyHosts" value="local|*.local|169.254/16|*.169.254/16"/>
    <property name="ftp.nonProxyHosts" value="local|*.local|169.254/16|*.169.254/16"/>
  </properties>
  <testcase classname="fi.tuni.prog3.junitorder.OrderTest" name="fi.tuni.prog3.junitorder.OrderTest.testItemConstructionName" time="0.006"/>
  <testcase classname="fi.tuni.prog3.junitorder.OrderTest" name="fi.tuni.prog3.junitorder.OrderTest.testItemConstructorPrice" time="0"/>
  <testcase classname="fi.tuni.prog3.junitorder.OrderTest" name="fi.tuni.prog3.junitorder.OrderTest.testGetName" time="0.001"/>
  <testcase classname="fi.tuni.prog3.junitorder.OrderTest" name="fi.tuni.prog3.junitorder.OrderTest.testGetPrice" time="0"/>
  <testcase classname="fi.tuni.prog3.junitorder.OrderTest" name="fi.tuni.prog3.junitorder.OrderTest.testItemToString" time="0.014"/>
  <testcase classname="fi.tuni.prog3.junitorder.OrderTest" name="fi.tuni.prog3.junitorder.OrderTest.testItemEquals" time="0.001"/>
  <testcase classname="fi.tuni.prog3.junitorder.OrderTest" name="fi.tuni.prog3.junitorder.OrderTest.testItemNotEquals" time="0"/>
  <testcase classname="fi.tuni.prog3.junitorder.OrderTest" name="fi.tuni.prog3.junitorder.OrderTest.testGetItemName" time="0.01">
    <failure message="expected: &lt;iPhone 34b&gt; but was: &lt;null&gt;" type="org.opentest4j.AssertionFailedError">org.opentest4j.AssertionFailedError: expected: &lt;iPhone 34b&gt; but was: &lt;null&gt;
	at org.junit.jupiter.api.AssertionUtils.fail(AssertionUtils.java:55)
	at org.junit.jupiter.api.AssertionUtils.failNotEqual(AssertionUtils.java:62)
	at org.junit.jupiter.api.AssertEquals.assertEquals(AssertEquals.java:182)
	at org.junit.jupiter.api.AssertEquals.assertEquals(AssertEquals.java:177)
	at org.junit.jupiter.api.Assertions.assertEquals(Assertions.java:1141)
	at fi.tuni.prog3.junitorder.OrderTest.testGetItemName(OrderTest.java:95)
</failure>
  </testcase>
  <testcase classname="fi.tuni.prog3.junitorder.OrderTest" name="fi.tuni.prog3.junitorder.OrderTest.testGetUnitPrice" time="0">
    <failure message="expected: &lt;6969.69&gt; but was: &lt;1.0&gt;" type="org.opentest4j.AssertionFailedError">org.opentest4j.AssertionFailedError: expected: &lt;6969.69&gt; but was: &lt;1.0&gt;
	at org.junit.jupiter.api.AssertionUtils.fail(AssertionUtils.java:55)
	at org.junit.jupiter.api.AssertionUtils.failNotEqual(AssertionUtils.java:62)
	at org.junit.jupiter.api.AssertEquals.assertEquals(AssertEquals.java:70)
	at org.junit.jupiter.api.AssertEquals.assertEquals(AssertEquals.java:65)
	at org.junit.jupiter.api.Assertions.assertEquals(Assertions.java:885)
	at fi.tuni.prog3.junitorder.OrderTest.testGetUnitPrice(OrderTest.java:102)
</failure>
  </testcase>
  <testcase classname="fi.tuni.prog3.junitorder.OrderTest" name="fi.tuni.prog3.junitorder.OrderTest.testGetItem" time="0.001">
    <failure message="expected: &lt;Item(iPhone 34b, 6969.69)&gt; but was: &lt;null&gt;" type="org.opentest4j.AssertionFailedError">org.opentest4j.AssertionFailedError: expected: &lt;Item(iPhone 34b, 6969.69)&gt; but was: &lt;null&gt;
	at org.junit.jupiter.api.AssertionUtils.fail(AssertionUtils.java:55)
	at org.junit.jupiter.api.AssertionUtils.failNotEqual(AssertionUtils.java:62)
	at org.junit.jupiter.api.AssertEquals.assertEquals(AssertEquals.java:182)
	at org.junit.jupiter.api.AssertEquals.assertEquals(AssertEquals.java:177)
	at org.junit.jupiter.api.Assertions.assertEquals(Assertions.java:1141)
	at fi.tuni.prog3.junitorder.OrderTest.testGetItem(OrderTest.java:108)
</failure>
  </testcase>
  <testcase classname="fi.tuni.prog3.junitorder.OrderTest" name="fi.tuni.prog3.junitorder.OrderTest.testGetCount" time="0.001">
    <failure message="expected: &lt;23&gt; but was: &lt;1&gt;" type="org.opentest4j.AssertionFailedError">org.opentest4j.AssertionFailedError: expected: &lt;23&gt; but was: &lt;1&gt;
	at org.junit.jupiter.api.AssertionUtils.fail(AssertionUtils.java:55)
	at org.junit.jupiter.api.AssertionUtils.failNotEqual(AssertionUtils.java:62)
	at org.junit.jupiter.api.AssertEquals.assertEquals(AssertEquals.java:150)
	at org.junit.jupiter.api.AssertEquals.assertEquals(AssertEquals.java:145)
	at org.junit.jupiter.api.Assertions.assertEquals(Assertions.java:527)
	at fi.tuni.prog3.junitorder.OrderTest.testGetCount(OrderTest.java:115)
</failure>
  </testcase>
  <testcase classname="fi.tuni.prog3.junitorder.OrderTest" name="fi.tuni.prog3.junitorder.OrderTest.testEntryToString" time="0.007">
    <failure message="expected: &lt;23 units of Item(iPhone 34b, 6969.69)&gt; but was: &lt;null&gt;" type="org.opentest4j.AssertionFailedError">org.opentest4j.AssertionFailedError: expected: &lt;23 units of Item(iPhone 34b, 6969.69)&gt; but was: &lt;null&gt;
	at org.junit.jupiter.api.AssertionUtils.fail(AssertionUtils.java:55)
	at org.junit.jupiter.api.AssertionUtils.failNotEqual(AssertionUtils.java:62)
	at org.junit.jupiter.api.AssertEquals.assertEquals(AssertEquals.java:182)
	at org.junit.jupiter.api.AssertEquals.assertEquals(AssertEquals.java:177)
	at org.junit.jupiter.api.Assertions.assertEquals(Assertions.java:1141)
	at fi.tuni.prog3.junitorder.OrderTest.testEntryToString(OrderTest.java:126)
</failure>
  </testcase>
  <testcase classname="fi.tuni.prog3.junitorder.OrderTest" name="fi.tuni.prog3.junitorder.OrderTest.testOrderAddItemsDuplicate" time="0.002">
    <failure message="Cannot invoke &quot;fi.tuni.prog3.junitorder.Order.addItems(fi.tuni.prog3.junitorder.Order$Item, int)&quot; because &quot;this.orderObj&quot; is null" type="java.lang.NullPointerException">java.lang.NullPointerException: Cannot invoke &quot;fi.tuni.prog3.junitorder.Order.addItems(fi.tuni.prog3.junitorder.Order$Item, int)&quot; because &quot;this.orderObj&quot; is null
	at fi.tuni.prog3.junitorder.OrderTest.testOrderAddItemsDuplicate(OrderTest.java:150)
</failure>
  </testcase>
  <testcase classname="fi.tuni.prog3.junitorder.OrderTest" name="fi.tuni.prog3.junitorder.OrderTest.testOrderAddItems" time="0">
    <failure message="Cannot invoke &quot;fi.tuni.prog3.junitorder.Order.addItems(fi.tuni.prog3.junitorder.Order$Item, int)&quot; because &quot;this.orderObj&quot; is null" type="java.lang.NullPointerException">java.lang.NullPointerException: Cannot invoke &quot;fi.tuni.prog3.junitorder.Order.addItems(fi.tuni.prog3.junitorder.Order$Item, int)&quot; because &quot;this.orderObj&quot; is null
	at fi.tuni.prog3.junitorder.OrderTest.testOrderAddItems(OrderTest.java:163)
</failure>
  </testcase>
  <testcase classname="fi.tuni.prog3.junitorder.OrderTest" name="fi.tuni.prog3.junitorder.OrderTest.testOrderAddItemsNoItem" time="0.003">
    <failure message="Unexpected exception type thrown ==&gt; expected: &lt;java.util.NoSuchElementException&gt; but was: &lt;java.lang.NullPointerException&gt;" type="org.opentest4j.AssertionFailedError">org.opentest4j.AssertionFailedError: Unexpected exception type thrown ==&gt; expected: &lt;java.util.NoSuchElementException&gt; but was: &lt;java.lang.NullPointerException&gt;
	at org.junit.jupiter.api.AssertThrows.assertThrows(AssertThrows.java:65)
	at org.junit.jupiter.api.AssertThrows.assertThrows(AssertThrows.java:37)
	at org.junit.jupiter.api.Assertions.assertThrows(Assertions.java:3082)
	at fi.tuni.prog3.junitorder.OrderTest.testOrderAddItemsNoItem(OrderTest.java:185)
Caused by: java.lang.NullPointerException: Cannot invoke &quot;fi.tuni.prog3.junitorder.Order.addItems(String, int)&quot; because &quot;this.orderObj&quot; is null
	at fi.tuni.prog3.junitorder.OrderTest.lambda$testOrderAddItemsNoItem$6(OrderTest.java:187)
	at org.junit.jupiter.api.AssertThrows.assertThrows(AssertThrows.java:55)
	... 21 more
</failure>
  </testcase>
  <testcase classname="fi.tuni.prog3.junitorder.OrderTest" name="fi.tuni.prog3.junitorder.OrderTest.testOrderAddItemsString" time="0">
    <failure message="Cannot invoke &quot;fi.tuni.prog3.junitorder.Order.addItems(fi.tuni.prog3.junitorder.Order$Item, int)&quot; because &quot;this.orderObj&quot; is null" type="java.lang.NullPointerException">java.lang.NullPointerException: Cannot invoke &quot;fi.tuni.prog3.junitorder.Order.addItems(fi.tuni.prog3.junitorder.Order$Item, int)&quot; because &quot;this.orderObj&quot; is null
	at fi.tuni.prog3.junitorder.OrderTest.testOrderAddItemsString(OrderTest.java:194)
</failure>
  </testcase>
  <testcase classname="fi.tuni.prog3.junitorder.OrderTest" name="fi.tuni.prog3.junitorder.OrderTest.testOrderGetEntryCount" time="0.001">
    <failure message="Cannot invoke &quot;fi.tuni.prog3.junitorder.Order.addItems(fi.tuni.prog3.junitorder.Order$Item, int)&quot; because &quot;this.orderObj&quot; is null" type="java.lang.NullPointerException">java.lang.NullPointerException: Cannot invoke &quot;fi.tuni.prog3.junitorder.Order.addItems(fi.tuni.prog3.junitorder.Order$Item, int)&quot; because &quot;this.orderObj&quot; is null
	at fi.tuni.prog3.junitorder.OrderTest.testOrderGetEntryCount(OrderTest.java:268)
</failure>
  </testcase>
  <testcase classname="fi.tuni.prog3.junitorder.OrderTest" name="fi.tuni.prog3.junitorder.OrderTest.testOrderGetItemCount" time="0.001">
    <failure message="Cannot invoke &quot;fi.tuni.prog3.junitorder.Order.addItems(fi.tuni.prog3.junitorder.Order$Item, int)&quot; because &quot;this.orderObj&quot; is null" type="java.lang.NullPointerException">java.lang.NullPointerException: Cannot invoke &quot;fi.tuni.prog3.junitorder.Order.addItems(fi.tuni.prog3.junitorder.Order$Item, int)&quot; because &quot;this.orderObj&quot; is null
	at fi.tuni.prog3.junitorder.OrderTest.testOrderGetItemCount(OrderTest.java:294)
</failure>
  </testcase>
  <testcase classname="fi.tuni.prog3.junitorder.OrderTest" name="fi.tuni.prog3.junitorder.OrderTest.testOrderGetTotalPrice" time="0.001">
    <failure message="Cannot invoke &quot;fi.tuni.prog3.junitorder.Order.addItems(fi.tuni.prog3.junitorder.Order$Item, int)&quot; because &quot;this.orderObj&quot; is null" type="java.lang.NullPointerException">java.lang.NullPointerException: Cannot invoke &quot;fi.tuni.prog3.junitorder.Order.addItems(fi.tuni.prog3.junitorder.Order$Item, int)&quot; because &quot;this.orderObj&quot; is null
	at fi.tuni.prog3.junitorder.OrderTest.testOrderGetTotalPrice(OrderTest.java:320)
</failure>
  </testcase>
  <testcase classname="fi.tuni.prog3.junitorder.OrderTest" name="fi.tuni.prog3.junitorder.OrderTest.testOrderIsEmpty" time="0.001">
    <failure message="Cannot invoke &quot;fi.tuni.prog3.junitorder.Order.isEmpty()&quot; because &quot;this.orderObj&quot; is null" type="java.lang.NullPointerException">java.lang.NullPointerException: Cannot invoke &quot;fi.tuni.prog3.junitorder.Order.isEmpty()&quot; because &quot;this.orderObj&quot; is null
	at fi.tuni.prog3.junitorder.OrderTest.testOrderIsEmpty(OrderTest.java:331)
</failure>
  </testcase>
  <testcase classname="fi.tuni.prog3.junitorder.OrderTest" name="fi.tuni.prog3.junitorder.OrderTest.testEntryConstructorException" time="0.001">
    <failure message="Expected java.lang.IllegalArgumentException to be thrown, but nothing was thrown." type="org.opentest4j.AssertionFailedError">org.opentest4j.AssertionFailedError: Expected java.lang.IllegalArgumentException to be thrown, but nothing was thrown.
	at org.junit.jupiter.api.AssertThrows.assertThrows(AssertThrows.java:71)
	at org.junit.jupiter.api.AssertThrows.assertThrows(AssertThrows.java:37)
	at org.junit.jupiter.api.Assertions.assertThrows(Assertions.java:3082)
	at fi.tuni.prog3.junitorder.OrderTest.testEntryConstructorException(OrderTest.java:85)
</failure>
  </testcase>
  <testcase classname="fi.tuni.prog3.junitorder.OrderTest" name="fi.tuni.prog3.junitorder.OrderTest.testOrderAddItemsNegativeCount" time="0.001">
    <failure message="Unexpected exception type thrown ==&gt; expected: &lt;java.lang.IllegalArgumentException&gt; but was: &lt;java.lang.NullPointerException&gt;" type="org.opentest4j.AssertionFailedError">org.opentest4j.AssertionFailedError: Unexpected exception type thrown ==&gt; expected: &lt;java.lang.IllegalArgumentException&gt; but was: &lt;java.lang.NullPointerException&gt;
	at org.junit.jupiter.api.AssertThrows.assertThrows(AssertThrows.java:65)
	at org.junit.jupiter.api.AssertThrows.assertThrows(AssertThrows.java:37)
	at org.junit.jupiter.api.Assertions.assertThrows(Assertions.java:3082)
	at fi.tuni.prog3.junitorder.OrderTest.testOrderAddItemsNegativeCount(OrderTest.java:142)
Caused by: java.lang.NullPointerException: Cannot invoke &quot;fi.tuni.prog3.junitorder.Order.addItems(fi.tuni.prog3.junitorder.Order$Item, int)&quot; because &quot;this.orderObj&quot; is null
	at fi.tuni.prog3.junitorder.OrderTest.lambda$testOrderAddItemsNegativeCount$3(OrderTest.java:143)
	at org.junit.jupiter.api.AssertThrows.assertThrows(AssertThrows.java:55)
	... 21 more
</failure>
  </testcase>
  <testcase classname="fi.tuni.prog3.junitorder.OrderTest" name="fi.tuni.prog3.junitorder.OrderTest.testOrderAddItemsStringNegativeCount" time="0">
    <failure message="Cannot invoke &quot;fi.tuni.prog3.junitorder.Order.addItems(fi.tuni.prog3.junitorder.Order$Item, int)&quot; because &quot;this.orderObj&quot; is null" type="java.lang.NullPointerException">java.lang.NullPointerException: Cannot invoke &quot;fi.tuni.prog3.junitorder.Order.addItems(fi.tuni.prog3.junitorder.Order$Item, int)&quot; because &quot;this.orderObj&quot; is null
	at fi.tuni.prog3.junitorder.OrderTest.testOrderAddItemsStringNegativeCount(OrderTest.java:175)
</failure>
  </testcase>
</testsuite>